Case #1: FZCWTNSWFDEVYATTVBYGIFBAALVEDKEBPCTNMKUYEERJZIKIAFDXIRJCZUAVDPDOQIWKTPOYKYNFTEKHDRQNZUZCWOWHCNIFEAMGG
Case #2: ANQTHFOSFBSYGOMLUEAJLTHYTQJWRIWXYAVYANZPCKXXFFENTTLGPXZSXHLKLRNFRAKLWJYWTNVSWLYHLQGSOLJTMWCQDTQAHNBXY
Case #3: VTJUDMSNUYEFLIVJEFSLLBGLUGQIXEMWJVQMJQNQSRZZOYCDWRKPHHXKTRFSMHCDXRIVEVIFXPYBATTTYQYBTOJQMNUEBCSCMKEWJ
Case #4: UKBLMPCLXUAMOMNIIQWWJFRJRXIASFMVGPEVKODZUXCWYBHWHKWNNXOATXQFAOXQZSORDBALMAYMEJDZFFDGYCKZINIFFPDBQUCXA
Case #5: PYHZBMHDGBRSWZRUTEBZVFQBBOYLLIWCKXJFYQYLXEVCLFNKMZTVWGSJJSXILHRMBGVXEDYHTVTQVJOCONQCIGXTRDOGIONYJXAQK
Case #6: WPPLCFJNCVXEFQXWHGSDPYFOFUBCKVJGFIGFUYLJHXFJRIQNNPZYBWKEFNNVRUKBMWTVZGAINWLOLQCLYSANLPJOJFSHMQNDCQUWR
Case #7: TAKQBTBLESZFTWOHWTTXMWLOHBQWBJHKIQECDUXCNYXBAPFHTGEWCIGQGICZMCTBEBVWIRBHARZTYCSXLDVRPUZLJAIJUYWSWPIPF
Case #8: PAWRMTSSAKJQUWUVOSACCQBITTUZXYFRNVJCVXKDUBNXQCSPLIZVQGJRMSWNJOCJPJYUMIPBFJOUAXESVIYHCMLVPEYWHHRBJGTEB
Case #9: ISSFMESHRZOWMXYBGELKGQTYYBAPBULYEZZIIVAWOFDPMODZRNDMAPURVRYNTKKIXKWJFYGHPANZROGUJDGOHFZKBCVVTXEJPMMRC
Case #10: QDLPQWIOQKTBJASSNDUBGMYRJTYCTXTRMEDZEALGZCMVHNSHTEXPURRVRCVBBKUADXMVKQJPSRKBEOFIAICNBELNJHASAUVNKEFOV
Case #11: XBSLZWTRVNATKJPWGGVCWBRYJBXVDWUXJORHOEHTMEBJSOEWNIXLWJGHHQVTYRZWWKMUMIPHYFNUBVCULADKXPCRUBFSGLLJYFDYD
Case #12: WFUDETCNKZNYQBNTZIWLQQAHUEPGZVSDREPYKADUBEQXQPCULDXUAOFIFCSMMIQWOYXTHFJGXOOLWGSYXDBIYYTKCDGECPBKMYQLA
Case #13: MXDUCNCPGJNDICXDELIVWPTOQAPZTUBOFUAAPWMAHKSZSFQQGMKYUGRDJVTKLNEGEAJNLHCVXUXSZIOGURFYYHDROYMPICSZFADNH
Case #14: KCOCFGDKMHFRFQLEPQEVEGLZKCYVJQARLACSXXBAHFNNJAWKUOEUCQYPDIAGIENWJDJKMJHNOSZAZIDDHITKZOHTCIJTWGEDEDZVM
Case #15: RECFZOVYXUBEMEMQGZSOSNCURFXFDTYLHUFILNAOEEXGSRKUPGJRIVWITLACWWTHURAUYTQNZZNQSJLYEQSXDAKCYWCOVUDOHKBBB
Case #16: HMHWCWVSKJMSXUIRYPWQQQKOOBBPJPNHYTGILWOECJAPCIUKBUEIGVRXUBLDKZTSNDYQTJDOSBZANYEDTCHEBQDAIRVTAYFRNLXXD
Case #17: KLAPQKQWGMYPCHWOCBSFURTEKEMLXRKEFCVSKZNTRAAOWFWQEOASBVQLFFCLYJFZWRWOJBOYIZHDNWHMQFPXXKQIUQLIOTJTPFOFC
Case #18: OUVRACZMTECQOWTEADCNFYQCGJBSAMVCMKCXKRLHUCBGBMBLMEQQLAGIRGTZAFUOPYPAVJMSAOPVRXJMNFBIXCHTRCNRZMZIGRQYE
Case #19: IHJWZMOXVWLRVSDZSVZHBDUTPNYSYZUPCGIQAGJDKMSVGPSRGXYMVKNGUGPMNHRQGOUSEAEXGFEHDGWYEGRAUMOUDZBQAFTKNHHJQ
Case #20: WIIYLPNYMEPOABUXJXHFQWDBLBFJLVKWKECKFBCGCAHMQNULXVRZSGYCVWKNYHMNDFMIMWNPJIJLOADBPHYFOUIVWDFUSQVTJBPWS
Case #21: SKAGODBFEXVBJUKPNQDEBDRTJQGVNISCWSGJOSUVNILJVXZXMTMKSFKHLJFVOAIFTZECUTVVRTPQNXZBCLDAZYJQFONJYQWSCYNJB
Case #22: HSOZQMJQHCMJDVYHIXHCYWAPIQFDJOANLSBHXDWGNJHCBYVOLSGTMOYSZGROSKWJNOMYBUNUNQASFMHQOVHMKBWNQGZRJKLEECPMV
Case #23: KPAFBPLPEBMSEVHSVEWNQGYJCPJQFASUSWBVRDZFBXJGOAWJXHKMVZUYHOQLXNVSZCWDGLAPLNDTOCIFBNCFGVVLRALDFUWGUWFUV
Case #24: VAXYBXSGJLJKQKKOVUPROVSEXUIIDADTTPWLABAUCABIGMVHGXESVPINQIKEGPTNOITXZTDIBBQYMWXYJXXXNXFEFYWCFQVVWJYKE
Case #25: NVWZKDQXREJRKCCIVNGWGUWKWGBOIBOMPSWOUYGNMMLYUPCLIAMKOWJQHKIXBFAHGETSDSLQRHLAZLUVHHULESJYGGSJVWEKHHSMP
Case #26: KKNJMHBPGHUBXTHCLLEAJRCQXSQFKGDHIAZKOQEKPERDISIITJJOGUXUWRSXAILFVQAJQKOWHYIOFCSWMNUWCWMTRPDZBVMNMCRIR
Case #27: BKXFRMFQPRBHSQOXXHMIVNGLIKOCOTHEGIGYTLSKBZRPOKPPWJDNEFAFXLNSCRBJCRUIIDMOWADPZDBSGZJEDYBFBLNBICEYPUNTP
Case #28: ZFUVZFUMAOWGPWKOROPUJHJUTVNKKPFPGVQHAGDCYCEKAXTFBZDWIGFISHUHPMCGPSSUTXODUYQGVPOLYDFDCRYJNALQMIXVEUTRB
Case #29: GPESILKKXUUGAGDNHZGDCBJQISORAQGNOFQZRMODAUYKKEJRCHGSQETPHVYEZWPOYUJFZLYFIBBKPOWNHWMDRWPMTANJENPLVOZWQ
Case #30: OBNUEFPALGEFNWAWUHZEOUBFTRRDIGHNJRSSFKSNQYJBRSAFKYELXIPQBQHYTODIUXPAPIFCJPJGHDQOFHMMLOUGDJIUTVYZRGLMO
Case #31: SNGTUVLRJTGJVMJJBHHPWVVOBACVRPGEOSJUPLLHDKVQXZSSFKVVYEPMTHHROOGXKSLFIIPAXNAAZOZDCOTFSACAWCYVSBUTCIQBG
Case #32: YERXBKPEXDKPZMEMTXUWKSTZRBGYTDTPQSNRGCZLYQTNRFLOZROFDWMWVIORTFFJMMVYIHYZCNLUJCGMSJUJNNWBLBGXARCEKDDSV
Case #33: DOWIEUJBTEPSHFELCBOEKWKANRRURGIHAHGQNLANCBXODNFVVCEZHPJSRVWQPJFDCSFLQISRQAGQLYTMATVYLYXSKTZRBYYUMNGOJ
Case #34: FQAUZRDKKHTBNSMJCMWVBMBZZRQKSPPJYAESFHNUGNRKBRGOGFBLHTLPSMCWXRSTGYDVUDUWHGLAAVIYESPNUUCSQWHZKSQOPDWDL
Case #35: YWHLLKZAJGYAIGBMXIWBARBUQQGYABKZMPZIFYFERSBYKPPNWTOTECKTQXWSWGIIFTJRTQXLRYCSNJITSLPWVBHWDXLOITATZNVDD
Case #36: RLAMAEWWNCFGOLYZLIFHIVPGDNFWJVNJYMQAHKZAZWNQSXOKMTSYJNHCVCUDONSBPETCKMKHLUSDEBVSZOJCUFDUGFDKWNCKIYRWQ
Case #37: OUGCFFWGQQIGKXFIAKDSPZIMJEHROHQMNNRTASXYILXEYCNIWAMFAXFTDNBRDYBSWRZAFXUAQJPEVCFOOTACDRMTSLQBFSWATLBYZ
Case #38: HYTXMECTYCRJGSEHETQZLLVBVXGSGRAIKCHBJVJLFZPKHKSRBLUCHBEYFYUJTWKJOIDBROFMEISUMDKPNADUGUJRXHDADNORWJEAV
Case #39: BPYGWGQMNKGPFXWPCYNGROHFEZTRDCGYIUSXAMEAIULDRWJESRDUMEGBAPZBPQRVKWGMVVFJOGKSJXBBNHETAMOOMUEKMODOPDAQF
Case #40: PPHPUHWRQBRRWNCTIWDJDOBDUHYLQUFZHGBJXWOHITFKIRXQFUESNEXPMLWCUGTRFYQFIKKAVJJYHASUNFMXHCXJWFYRMKRKFIBCC
Case #41: CINOREGXNYZKTAFTSBYFIDDFBXEPVQYMIREZBFDFYXPHROTLNETKBUJMVSGUKEPWJZDXLVPJJPIQPATVUHMKDSGBRMGFURFCWDENY
Case #42: BWDIUCCKZBJGRRSABXATVMLJBDRNOEISOOECVVZOAGPDGADJBIPCGCCFUSJGYNDUGQPTGVLSCJUPPHXZUPRJDAZDOFGMLERNPMEVH
Case #43: DLUFVCGIBHDAODIAEMFPMMRCYMDTIRRCWWEFNOEZSWHPXPKDECQZYMOSQEJMFIFHBSNLIOZMXOLOOYEFROMGNUDWHKKBATJROWCUF
Case #44: ISVKJFBJEKLBZWEWQGQXPWGKVVLAWLDMPTADYFSVYKAMQFVDETYWBCHAQNGENBJERKSTNCOAUXVQGSDRZZMNMOBJBOQCGUIOVEFIS
Case #45: IFPWLTEDNSXOUMZBZYQEOCONMIYZMVNNGBFOAFJUCQWTTYZGBBJGJMUKEEZDFTDFZBGDFSCKYGNERUVIKTYPREDXNZDQJHTROQFNE
Case #46: LBXDNMQDYROKLRXEANPCGELZKIEKJXDFAIQCPUVSXCMCLBFLRLMDLFWSWRHDATEMEUJQKARFLFOJVNBJMYHBGGUDIZHGXIGEVCUOQ
Case #47: UPAKPHCLNZVXIOSVGYIMZWVEYAPLFJSDCPZWHCGHHPWIESGNQRUUAKHDRHDXQJEEXLVRTOXBSTCRRZPETXPSFHEBDFBOXEDFATGVB
Case #48: GTYNKMILMTJVVXKJDRBQMCYIIKHFVLLODKNKPDEJQLWNCUEXXYTGZSTGUKREUGABGBIFUYLUYJONVXLIANGZXZQXSYIGBJAAIVRXS
Case #49: HHVZAICPYLSJRGKYFCIDLYNVXWQNLBBCVETJBDFKQFBPVYWUURROZICUTNCWEZYLJSGMEFGBAHXTQHIGYTIZFIQKOBKYVMCCZLQAV
Case #50: VPJUQJUSAFXIPTDCGLEBKVNSCQVNNRRQRYEIUNIQQTWSKDDSKDFZLOLOICGKRADUCKKPBRNGMHLYHHBUZHMQFMFFHQFOWYBFZXDYE
Case #51: GGNAOCPALGLISKDLJZUQJKEQPQDNNBRCFASDSUELGBXHIJUTYVZUVHDBOSQKRVUDCWSQVBFWMAHNLMCZPLGFVPCBOYJCAXYXRJTJR
Case #52: ZWAZCZUVWACPKOQMZKAIWQJSYYMIWCEMYSWAMQPQZZFLDTJBSOWENVPSBDDVBMUCVQJJTIRHFNOLIQGRGFYXHXEWERUALMUPLIANS
Case #53: LQIAWXUFLDTQHDMGOIYPTMGOLJELIRWFGLUYKTCPGKSTEEQIYPDCGHTTVDDJMPSOFOYFBQGUQRUHEAISPGTGPOVFSWVQGYZNCTROB
Case #54: VOCXCGYUXWWULKOQWZDCKPTXLKIATVYLUYCVSIOETUPATTGRGKXNVRSWZJWHRCIKHGNWJLENNQDSFMSBLTCZIXUXQVPYDBMVZFZYM
Case #55: QURSWZQQUGNNEWYVUSMOPUCFLIGGAGNIUFOGZHXPFMORPCUQARMQZTOVNBIFRHTZTSBDTKYXJZEBVUEZYLUUOOGSXUCQWQYLIFJNI
Case #56: ACXUOWOFWBEVXKTYPCQHZHWVAXSLOABHIATVWNEUMWECNXSABZIRUPAIUMASKIKBSEIBSCLVWYEODJWUNTQDZOQJVPXIIRNDGMEUV
Case #57: FBINLNXKYAKSNJWAFUHYJYENHGMBCDRYWWGDHYSXCQEZYKVOQBHKPPNYROEWLRCUFTQZBGYWIOUNSYAYSDGTZKAMIOLQLKGWXVDCF
Case #58: EZVMQXECWWOHNZINOSAIFLYORTXWCERBIFCYADHVTCHOMSKXMYSTNVSSQTDZJEIVSAVSKUGKTMNYHQPUHRFMDYADXMEDDFKHPPURB
Case #59: XBZTUJHMWCPJVWQVUHOSEUQZRXHBUNYYAMIZFXNJGBKWFEDYKOINRVPATLHSGAHZYVEHQPFFOOWDASOKXXBUCHIEOPWZBRJNCECZB
Case #60: NHTXNOBBAVVDQLCRKBFOGCASEVVCZKGIPOEGGBSFWIDZCDWDXFRAMFPKUIDOETGRJUJBEVUNWTRPFKDTHIGKUWZZOKVXIYQLJGLNE
Case #61: NMNKCTAHDZJOXBHXFNVWLQFONGZGBXATLYNYLSPMAEMVBUEGJDNSUUMOLUVFKKMDXMKXWKRFVWUSVUIPSANTRUAOQOWGTWBOEWPCM
Case #62: XHDPHIATFJEISHQLTRESXMKCDOKBNRKDQFDQYVUWORVMCAXBRXSNSWGAJMQOSLKQHPWBPZHXJEMVBRMUVGLOBTWPDWEOMYBLKQAPD
Case #63: LCEPBOESHWYIZUTPIEMQKSGCAUDKLDWWFDVYRRADSCCDCLFDKNFIZRUSBKSFISEQVXILMMDNUOVYOGNMKZXMGRIOQZIJUYPNISAHS
Case #64: XLSOWIGVQFLRRXZRWMPAMUSOXTTUXFMYJMMSQPDICSMPOUQPNISMDKWVDYHGBOMKZEPIUCZSBZOEGDKFVLFBNCXAJVAOAKBGFGPTR
Case #65: BBNRKKALCOIHAYDEEBMVTZBKSJATPQKPCCWFXWWZECBSRRXBFAWKZKSURRCOTWRDCKBAMIIEQWIPXTJQJYYOVCZGCOKJOYKRRLOIH
Case #66: FYVTZLXLZDXYXGIOPFNKTCLATGAVDOADYVDVDQGFTAAPRNXAMRNPVELHFCZLJEDGPLLUKMXKBBGCNAOMXEPSTSZMVKGIFWGHVPMUA
Case #67: RUPDTINUBSQHKDWRIMSBROZRZXCDKZYFIJLXPMZOEKXCNZUFFTBGKAVVASMXWSGHHFVBIFEMJIWNPSFJGHAWNQTTEUKGYCOEQRABK
Case #68: GCJLHEQOITRXZQKJESWKXGQPAIOIBRAHOOXUFSBWEHKWIUFPVNPWPJWDAQXQMLAZLMRLXXKBWYYNHBGIEYGTNUPDPWNUVFHVRDNZT
Case #69: NLDRCVIXQQZUUHVHDUDAQGDAFTHGNMNZOTLXRPEYRHWTBGNGZHBHFSDQADHGHOSYUUHSJTZIGZMRZRHZKYXJSUCBPLYIWEXMFKHAE
Case #70: DBSGAZDYGURLHAFVDEVUZYGSZCZDPQENMKOJXSYIRQMQUPBHQBHOJCODMCYNGGUPTAAWCQAMHEOMITTFWSUKSUXDOKWPHCLHEJMYR
Case #71: EXCXLPNIXSOREOPGGVAQPEASDOUXCWDDFQNTABHJMGXSWGVLZKZJDGTGIHBNSPOYKOXZFWZCAKWZIMYWTOPWSSFKLLVMUOUMDALTR
Case #72: UXMBTUDFHVZFYULPBQVMDCARGTZWAPHPIHCJROBNKSPGALDPIIZYLJTEJSQEFNICTOMPRIGZSHXKZIIXQDZYRORZJEHVJTABHJQYU
Case #73: XIQAXNUSCZHNLWLFHTHOUDKELWDDDVHZYGEKKJYBDKQPUOBEIEMIFGDTSZBMSPFHCMORZNZWTFDJALMFGHVVJRLJFGXVEKYNZPBMC
Case #74: YCTRIFFDYHTYOONUVCZZCLWPEATZRTHDPUKUSEAYCXQEQVPKJJCCIQPIBRNWXHPJLIBWUXYGRGMCJMZQLYKUNEOABGVMRXLSAMUON
Case #75: ARSIPFBYZACJHDCHYZESQUPIIJWZIKKWLJOCXCTGKWRDITYPNNREFHJBANGXTLAVUSSQPADZJVOCNXRQEMDHKRGQCXFBVNKFKMYWA
Case #76: EYCYZKZGWMLLPZTPQNWJIAUXAIEWRFAKXXFTVVFKDDABBZDAVMSPSCIMSAMJRONMLLGIOQPIHHMIBNGEQPEOANINJBIEFVIWSNORN
Case #77: KXMOHMSVZOYVVXUCMFBUILRUJIHGTBWRPNRHQERBGBUFFYQJBSHCPBFTBRNWSTGIRYKQTIOBIZENTXVNPEOTHJDOCPPNSECPJDALE
Case #78: SPNMRBWCZLDJZTKMXVEZMBALNKBAAFDKHFLQYDSFOTTPWAFGVPXKBGJAPFUXBGXIHDCLZMFZGMFEFGOEPDYUAKMEVAWIPIRNNADQI
Case #79: RZIOROWETVUGVNLRYWUEUKBMGUYEYNSGDNSOYSQRZKAIICTJBWZPUIYOINRHDPHHSMHBCJYMHGKXJESPYZSIAXZCWFKFJOSTJZVOX
Case #80: QODAQHGYKXNSXLNTBKAHGBPXUSOVNVZECKOERIRQRFLAIZYGJSPXKUOBVWRIIEAIPZPZQYELJXZKZKHSWDBNHCCIAMQDPZWTMAPHO
Case #81: ULNWMYEHJGQSPHXIJIUFGWIZAGPMHCCAFSYDDJOKTTRWLTRCEBYFYVPDSKXYHGOBIRLOEFZTNOTKMXBWKBUTKMIAKTKSGHHAASBCS
Case #82: OMRZPHPVMIPSKCCJOIRTYWHJWVVWXZALMYKXXSUPBUTMNTIFLFDPDVEWLHKESRYSCCKPUBVJVIBRGPTPDIEWIOIAXJLGZDIUQNQZD
Case #83: BAPZDFHGJGATQTYKZVQVGJQXRQZNVIJMJUUCYNJBMKDSECHECNPQQVHYULXDVQUBBCAQHAGSIQORWASFSYJEBHMAZIXPXDVFZAYAE
Case #84: CAEMYAWMVBRWZZPBDGJQROAFBXEXHWDXVBWQVOCSJJHJFLDKEBRBHGNNYYJYDRGLMDWESYSBJPGGUTBNPICIRYRXDJUZJOIMQBJUD
Case #85: BBBMYIKWEAWBOPMHPLCEWENKHJNZYGQRGRJXCNDVGSXMZRUXAZWRLCQFVDQWDOKHXHJQXGMZPPOOUCZRXIDFYSDRVOXBMDXWDPTVR
Case #86: EQPNQRNTIBRTFPYAKAOQDKDPGLFLIRKCIODMUMUHMRVXYSIONGYJFHUKHRHAHBGODEDUGFGJISLRKEVEGPCDXBIIRWLRQLYZMAZHH
Case #87: VDCTYATXTOCALSZAIZZQHUDEPOCMUCZEXVTFGYHGAYKICDMJBWSLUEDLBGQLCZQKJRNEEOAVIXXKZAVYRSOJMIVJWWTPVWTSYJQHI
Case #88: TGPNGWJYKMVGMCTEHFJOJFFSCKUXCBJISSUCPUBJSRAIQXOITKUEINOHKLZOKYTVVVMFDQDKLVUTKZHUPCEQCTOUTXXWDWRXPQRMK
Case #89: LTSVFRCSQKMLXJHFDFWYBPPODVASWEXMDLKYLXJUEDGVMKDLUDVQJITALBQMNNQWHZWWGDFNOWSZPVAJNXISPJIJDUZESUPCKDBDR
Case #90: MDTFRGBZLNKGNFGSCAPUQWKDPLNHKYZRNZIXPWNVMIOCCRTWYUSRFMWYKUPXGFKLFVTOUHLEZZEYDEFRDPOOMIJEAHZBVTPDTIGJQ
Case #91: IBUANLUGLFNJIGRROYUZSEMOSVUHZEZPOFBSTNXZLXHWYWITWECBQXVSWAOYXTPUAVUYLDPJMEWNIVDFVKGLIPBRQHBFGCGZKIZXJ
Case #92: EDQRRJKLWQQAVSVELZWKLCVUUROVOOYFYIBVMLQUYHWKGKDYDCXFVLGQJVHMIJDRTFHAPRSCTFWRIGTWQMGQJBNVFUPGXUNCNDPXI
Case #93: YDWOQXFABJNFSNDOGLLYRCDCAQZZJUZFHQKSRDRFSVLBTSCBGIRKWAWZJYAOVUHJUSEMNPAPOQSJTHOQSLNOJUQAKBIWHJWMFGZLC
Case #94: YYDRFUIPMDNVXZUPMXJPIOADCYOHDGXYDNVTLHBNSMTSRNHSHRZKZUKSRYHTJPJYSHVFLPKWHDFNAFUMZOCXIIEVQVMIRIQFRILPP
Case #95: MEOQFZARZLWSZSNRMNHBIUTKBNIKMNAOKWXCUGBOMBNQFSPYDOWFLXUYXFDLFJMBWSHPDEVMCDIBJVOORIUCXCGRDTDLUTQGRERCM
Case #96: GRPEQNHTJFFCJFUTNLRZCHDRSXIIEPAZKRCEXIBPHGRXLELQNJYIUTNTLVBPKAMPYNKWHOYPEXCGDNZOIJPGPFOJQCPOGXMFRMRYU
Case #97: WFBXAMANFJWHLWFDDNQXMDZZWECROBGVXUJNIYOXEMXPHGZEDFTXSRWOJMLFPCAZBYVMTSTCRHNAFKDGHWTUKEZCXXSZMKXIWQJTG
Case #98: NYLLIIKETIMFGUHLLHYSBQGWGOKHFFUCKGAMKLLEQAYMIMNLPECTVHTDGAXUJYGVJBIYBRPNPMXCIAPZKWMFVNEFOHTORBHXHYSSM
Case #99: GOJWUOYZDOJNCUKDOGDNZBVIWFVQBPDPRIORCKBAWUSSLVYITKKTEKYAWCHCWBNYABLEYRBOKTMCWEDUZQGWGZOVYUZLIEHOJBUAX
Case #100: QXXXJZYFYFPHJPMNFGVITRDAIVSSXEDIZPEQRXEASHSBFXSNMNFATEPBWHXFLZRWKEHCBWVWOHZEDETPNSZWDUNKRYDCQTLPUCJSF
